<?xml version="1.0" encoding="UTF-8"?>
<testsuite name="com.telRan.selenium.tests.GroupCreationTests" tests="1" skipped="0" failures="0" errors="0" timestamp="2018-03-13T17:25:18" hostname="my-pc" time="3.267">
  <properties/>
  <testcase name="groupCreationTest" classname="com.telRan.selenium.tests.GroupCreationTests" time="3.267"/>
  <system-out><![CDATA[]]></system-out>
  <system-err><![CDATA[]]></system-err>
</testsuite>
